  Sales.c
C:\Users\Ai\Desktop\PCDII-Assignment\Tan Yann Shew\ASS\Sales.c(93,11): warning C4098: 'getSales': 'void' function returning a value
C:\Users\Ai\Desktop\PCDII-Assignment\Tan Yann Shew\ASS\Sales.c(175,5): warning C4098: 'main': 'void' function returning a value
C:\Users\Ai\Desktop\PCDII-Assignment\Tan Yann Shew\ASS\Sales.c(230,15): warning C4013: 'strcmp' undefined; assuming extern returning int
C:\Users\Ai\Desktop\PCDII-Assignment\Tan Yann Shew\ASS\Sales.c(230,26): warning C4047: 'function': 'int' differs in levels of indirection from 'char [10]'
C:\Users\Ai\Desktop\PCDII-Assignment\Tan Yann Shew\ASS\Sales.c(230,24): warning C4024: 'tolower': different types for formal and actual parameter 1
C:\Users\Ai\Desktop\PCDII-Assignment\Tan Yann Shew\ASS\Sales.c(252,36): warning C4047: 'function': 'int' differs in levels of indirection from 'char [10]'
C:\Users\Ai\Desktop\PCDII-Assignment\Tan Yann Shew\ASS\Sales.c(252,24): warning C4024: 'toupper': different types for formal and actual parameter 1
C:\Users\Ai\Desktop\PCDII-Assignment\Tan Yann Shew\ASS\Sales.c(352,12): warning C4098: 'searchSRecord': 'void' function returning a value
C:\Users\Ai\Desktop\PCDII-Assignment\Tan Yann Shew\ASS\Sales.c(371,33): warning C4047: 'function': 'int' differs in levels of indirection from 'char [10]'
C:\Users\Ai\Desktop\PCDII-Assignment\Tan Yann Shew\ASS\Sales.c(371,22): warning C4024: 'tolower': different types for formal and actual parameter 1
C:\Users\Ai\Desktop\PCDII-Assignment\Tan Yann Shew\ASS\Sales.c(372,12): warning C4098: 'modifySReccord': 'void' function returning a value
C:\Users\Ai\Desktop\PCDII-Assignment\Tan Yann Shew\ASS\Sales.c(410,34): warning C4047: 'function': 'int' differs in levels of indirection from 'char [10]'
C:\Users\Ai\Desktop\PCDII-Assignment\Tan Yann Shew\ASS\Sales.c(410,26): warning C4024: 'tolower': different types for formal and actual parameter 1
C:\Users\Ai\Desktop\PCDII-Assignment\Tan Yann Shew\ASS\Sales.c(415,15): warning C4013: 'strcpy' undefined; assuming extern returning int
C:\Users\Ai\Desktop\PCDII-Assignment\Tan Yann Shew\ASS\Sales.c(484,34): warning C4047: 'function': 'int' differs in levels of indirection from 'char [10]'
C:\Users\Ai\Desktop\PCDII-Assignment\Tan Yann Shew\ASS\Sales.c(484,26): warning C4024: 'tolower': different types for formal and actual parameter 1
C:\Users\Ai\Desktop\PCDII-Assignment\Tan Yann Shew\ASS\Sales.c(550,31): warning C4047: 'function': 'int' differs in levels of indirection from 'char [10]'
C:\Users\Ai\Desktop\PCDII-Assignment\Tan Yann Shew\ASS\Sales.c(550,23): warning C4024: 'tolower': different types for formal and actual parameter 1
C:\Users\Ai\Desktop\PCDII-Assignment\Tan Yann Shew\ASS\Sales.c(572,31): warning C4047: 'function': 'int' differs in levels of indirection from 'char [10]'
C:\Users\Ai\Desktop\PCDII-Assignment\Tan Yann Shew\ASS\Sales.c(572,23): warning C4024: 'tolower': different types for formal and actual parameter 1
C:\Users\Ai\Desktop\PCDII-Assignment\Tan Yann Shew\ASS\Sales.c(616,31): warning C4047: 'function': 'int' differs in levels of indirection from 'char [10]'
C:\Users\Ai\Desktop\PCDII-Assignment\Tan Yann Shew\ASS\Sales.c(616,23): warning C4024: 'tolower': different types for formal and actual parameter 1
C:\Users\Ai\Desktop\PCDII-Assignment\Tan Yann Shew\ASS\Sales.c(541,9): warning C4101: 'addSprice': unreferenced local variable
  ASS.vcxproj -> C:\Users\Ai\Desktop\PCDII-Assignment\Tan Yann Shew\ASS\Debug\ASS.exe
